{ message: 'Running on port 8088...',
  level: 'info',
  timestamp: '2019-11-17T21:41:08.570Z' }
{ level: 'info',
  message: 'Establish new connection with url',
  timestamp: '2019-11-17T21:42:41.553Z' }
{ message: 'Running on port 8088...',
  level: 'info',
  timestamp: '2019-11-17T21:42:41.823Z' }
{ level: 'info',
  message: 'Establish new connection with url',
  timestamp: '2019-11-17T21:43:24.028Z' }
{ message: 'Running on port 8088...',
  level: 'info',
  timestamp: '2019-11-17T21:43:24.190Z' }
{ level: 'info',
  message: 'Establish new connection with url',
  timestamp: '2019-11-17T21:49:03.308Z' }
{ message: 'Running on port 8088...',
  level: 'info',
  timestamp: '2019-11-17T21:49:03.532Z' }
{ level: 'info',
  message: 'Establish new connection with url',
  timestamp: '2019-11-17T21:49:07.852Z' }
{ message: 'Running on port 8088...',
  level: 'info',
  timestamp: '2019-11-17T21:49:08.026Z' }
{ level: 'info',
  message: 'Establish new connection with url',
  timestamp: '2019-11-17T21:49:15.614Z' }
{ message: 'Running on port 8088...',
  level: 'info',
  timestamp: '2019-11-17T21:49:15.771Z' }
{ level: 'info',
  message: 'Establish new connection with url',
  timestamp: '2019-11-17T21:49:19.282Z' }
{ message: 'Running on port 8088...',
  level: 'info',
  timestamp: '2019-11-17T21:49:19.453Z' }
{ level: 'info',
  message: 'Establish new connection with url',
  timestamp: '2019-11-17T21:49:25.247Z' }
{ message: 'Running on port 8088...',
  level: 'info',
  timestamp: '2019-11-17T21:49:25.419Z' }
{ level: 'info',
  message: 'Establish new connection with url',
  timestamp: '2019-11-17T21:50:02.228Z' }
{ message: 'Running on port 8088...',
  level: 'info',
  timestamp: '2019-11-17T21:50:02.402Z' }
{ level: 'info',
  message: 'Establish new connection with url',
  timestamp: '2019-11-17T21:50:53.624Z' }
{ message: 'Running on port 8088...',
  level: 'info',
  timestamp: '2019-11-17T21:50:54.185Z' }
{ level: 'info',
  message: 'Establish new connection with url',
  timestamp: '2019-11-17T21:50:57.832Z' }
{ message: 'Running on port 8088...',
  level: 'info',
  timestamp: '2019-11-17T21:50:58.044Z' }
{ level: 'info',
  message: 'Establish new connection with url',
  timestamp: '2019-11-17T21:51:03.554Z' }
{ message: 'Running on port 8088...',
  level: 'info',
  timestamp: '2019-11-17T21:51:03.706Z' }
{ level: 'info',
  message: 'Establish new connection with url',
  timestamp: '2019-11-17T21:51:11.065Z' }
{ message: 'Running on port 8088...',
  level: 'info',
  timestamp: '2019-11-17T21:51:11.320Z' }
{ level: 'info',
  message: 'Establish new connection with url',
  timestamp: '2019-11-17T21:51:18.534Z' }
{ message: 'Running on port 8088...',
  level: 'info',
  timestamp: '2019-11-17T21:51:18.854Z' }
{ level: 'info',
  message: 'Establish new connection with url',
  timestamp: '2019-11-17T21:51:24.329Z' }
{ message: 'Running on port 8088...',
  level: 'info',
  timestamp: '2019-11-17T21:51:24.501Z' }
{ level: 'info',
  message: 'Establish new connection with url',
  timestamp: '2019-11-17T21:51:32.585Z' }
{ message: 'Running on port 8088...',
  level: 'info',
  timestamp: '2019-11-17T21:51:32.840Z' }
{ level: 'info',
  message: 'Establish new connection with url',
  timestamp: '2019-11-17T21:51:35.710Z' }
{ message: 'Running on port 8088...',
  level: 'info',
  timestamp: '2019-11-17T21:51:35.894Z' }
{ level: 'info',
  message: 'Establish new connection with url',
  timestamp: '2019-11-17T21:51:43.652Z' }
{ message: 'Running on port 8088...',
  level: 'info',
  timestamp: '2019-11-17T21:51:43.801Z' }
{ level: 'info',
  message: 'Establish new connection with url',
  timestamp: '2019-11-17T21:51:59.914Z' }
{ message: 'Running on port 8088...',
  level: 'info',
  timestamp: '2019-11-17T21:52:00.086Z' }
{ level: 'info',
  message: 'Establish new connection with url',
  timestamp: '2019-11-17T21:52:08.921Z' }
{ message: 'Running on port 8088...',
  level: 'info',
  timestamp: '2019-11-17T21:52:09.103Z' }
{ level: 'info',
  message: 'Establish new connection with url',
  timestamp: '2019-11-17T21:52:35.177Z' }
{ message: 'Running on port 8088...',
  level: 'info',
  timestamp: '2019-11-17T21:52:35.338Z' }
{ level: 'info',
  message: 'Establish new connection with url',
  timestamp: '2019-11-17T21:52:45.848Z' }
{ message: 'Running on port 8088...',
  level: 'info',
  timestamp: '2019-11-17T21:52:46.019Z' }
{ level: 'info',
  message: 'Establish new connection with url',
  timestamp: '2019-11-17T21:52:49.909Z' }
{ message: 'Running on port 8088...',
  level: 'info',
  timestamp: '2019-11-17T21:52:50.075Z' }
{ level: 'info',
  message: 'Establish new connection with url',
  timestamp: '2019-11-17T21:52:56.213Z' }
{ message: 'Running on port 8088...',
  level: 'info',
  timestamp: '2019-11-17T21:52:56.393Z' }
{ level: 'info',
  message: 'Establish new connection with url',
  timestamp: '2019-11-17T21:52:59.942Z' }
{ message: 'Running on port 8088...',
  level: 'info',
  timestamp: '2019-11-17T21:53:00.122Z' }
{ level: 'info',
  message: 'Establish new connection with url',
  timestamp: '2019-11-17T21:53:18.610Z' }
{ message: 'Running on port 8088...',
  level: 'info',
  timestamp: '2019-11-17T21:53:18.788Z' }
{ level: 'info',
  message: 'Establish new connection with url',
  timestamp: '2019-11-17T21:53:21.873Z' }
{ message: 'Running on port 8088...',
  level: 'info',
  timestamp: '2019-11-17T21:53:22.025Z' }
{ level: 'info',
  message: 'Establish new connection with url',
  timestamp: '2019-11-17T21:53:40.121Z' }
{ message: 'Running on port 8088...',
  level: 'info',
  timestamp: '2019-11-17T21:53:40.290Z' }
{ level: 'info',
  message: 'Establish new connection with url',
  timestamp: '2019-11-17T21:54:00.031Z' }
{ message: 'Running on port 8088...',
  level: 'info',
  timestamp: '2019-11-17T21:54:00.516Z' }
{ level: 'info',
  message: 'Establish new connection with url',
  timestamp: '2019-11-17T21:54:03.680Z' }
{ message: 'Running on port 8088...',
  level: 'info',
  timestamp: '2019-11-17T21:54:03.830Z' }
{ level: 'info',
  message: 'Establish new connection with url',
  timestamp: '2019-11-17T21:54:10.823Z' }
{ message: 'Running on port 8088...',
  level: 'info',
  timestamp: '2019-11-17T21:54:11.036Z' }
{ level: 'info',
  message: 'Establish new connection with url',
  timestamp: '2019-11-17T21:54:19.681Z' }
{ message: 'Running on port 8088...',
  level: 'info',
  timestamp: '2019-11-17T21:54:19.851Z' }
{ level: 'info',
  message: 'Establish new connection with url',
  timestamp: '2019-11-17T21:54:23.750Z' }
{ message: 'Running on port 8088...',
  level: 'info',
  timestamp: '2019-11-17T21:54:23.919Z' }
{ level: 'info',
  message: 'Establish new connection with url',
  timestamp: '2019-11-17T21:54:30.025Z' }
{ message: 'Running on port 8088...',
  level: 'info',
  timestamp: '2019-11-17T21:54:30.249Z' }
{ level: 'info',
  message: 'Establish new connection with url',
  timestamp: '2019-11-17T21:55:26.885Z' }
{ message: 'Running on port 8088...',
  level: 'info',
  timestamp: '2019-11-17T21:55:27.063Z' }
{ level: 'info',
  message: 'Establish new connection with url',
  timestamp: '2019-11-17T21:56:21.389Z' }
{ message: 'Running on port 8088...',
  level: 'info',
  timestamp: '2019-11-17T21:56:21.595Z' }
{ level: 'info',
  message: 'Establish new connection with url',
  timestamp: '2019-11-17T21:56:43.865Z' }
{ message: 'Running on port 8088...',
  level: 'info',
  timestamp: '2019-11-17T21:56:44.026Z' }
{ level: 'info',
  message: 'Establish new connection with url',
  timestamp: '2019-11-17T21:57:16.231Z' }
{ message: 'Running on port 8088...',
  level: 'info',
  timestamp: '2019-11-17T21:57:16.379Z' }
{ level: 'info',
  message: 'Establish new connection with url',
  timestamp: '2019-11-17T21:59:42.693Z' }
{ message: 'Running on port 8088...',
  level: 'info',
  timestamp: '2019-11-17T21:59:42.857Z' }
{ level: 'info',
  message: 'Establish new connection with url',
  timestamp: '2019-11-17T22:00:26.499Z' }
{ message: 'Running on port 8088...',
  level: 'info',
  timestamp: '2019-11-17T22:00:26.691Z' }
{ level: 'info',
  message: 'Establish new connection with url',
  timestamp: '2019-11-17T22:00:51.505Z' }
{ message: 'Running on port 8088...',
  level: 'info',
  timestamp: '2019-11-17T22:00:51.789Z' }
{ level: 'info',
  message: 'Establish new connection with url',
  timestamp: '2019-11-17T22:01:06.292Z' }
{ message: 'Running on port 8088...',
  level: 'info',
  timestamp: '2019-11-17T22:01:06.476Z' }
{ level: 'info',
  message: 'Establish new connection with url',
  timestamp: '2019-11-17T22:01:14.390Z' }
{ message: 'Running on port 8088...',
  level: 'info',
  timestamp: '2019-11-17T22:01:14.557Z' }
{ level: 'info',
  message: 'Establish new connection with url',
  timestamp: '2019-11-17T22:01:25.256Z' }
{ level: 'info',
  message: 'Establish new connection with url',
  timestamp: '2019-11-17T22:01:27.589Z' }
{ message: 'Running on port 8088...',
  level: 'info',
  timestamp: '2019-11-17T22:01:27.739Z' }
{ level: 'info',
  message: 'Establish new connection with url',
  timestamp: '2019-11-17T22:01:31.502Z' }
{ message: 'Running on port 8088...',
  level: 'info',
  timestamp: '2019-11-17T22:01:31.719Z' }
{ level: 'info',
  message: 'Establish new connection with url',
  timestamp: '2019-11-17T22:01:36.739Z' }
{ message: 'Running on port 8088...',
  level: 'info',
  timestamp: '2019-11-17T22:01:36.929Z' }
{ level: 'info',
  message: 'Establish new connection with url',
  timestamp: '2019-11-17T22:01:43.852Z' }
{ message: 'Running on port 8088...',
  level: 'info',
  timestamp: '2019-11-17T22:01:44.036Z' }
{ level: 'info',
  message: 'Establish new connection with url',
  timestamp: '2019-11-17T22:02:19.357Z' }
{ message: 'Running on port 8088...',
  level: 'info',
  timestamp: '2019-11-17T22:02:19.551Z' }
{ level: 'info',
  message: 'Establish new connection with url',
  timestamp: '2019-11-17T22:02:50.088Z' }
{ message: 'Running on port 8088...',
  level: 'info',
  timestamp: '2019-11-17T22:02:50.266Z' }
{ level: 'info',
  message: 'Establish new connection with url',
  timestamp: '2019-11-17T22:02:56.242Z' }
{ message: 'Running on port 8088...',
  level: 'info',
  timestamp: '2019-11-17T22:02:56.467Z' }
{ level: 'info',
  message: 'Establish new connection with url',
  timestamp: '2019-11-17T22:02:59.462Z' }
{ message: 'Running on port 8088...',
  level: 'info',
  timestamp: '2019-11-17T22:02:59.615Z' }
{ level: 'info',
  message: 'Establish new connection with url',
  timestamp: '2019-11-17T22:05:35.848Z' }
{ message: 'Running on port 8088...',
  level: 'info',
  timestamp: '2019-11-17T22:05:36.006Z' }
{ level: 'info',
  message: 'Establish new connection with url',
  timestamp: '2019-11-17T22:05:55.615Z' }
{ message: 'Running on port 8088...',
  level: 'info',
  timestamp: '2019-11-17T22:05:55.781Z' }
{ level: 'info',
  message: 'Establish new connection with url',
  timestamp: '2019-11-17T22:06:07.653Z' }
{ message: 'Running on port 8088...',
  level: 'info',
  timestamp: '2019-11-17T22:06:07.813Z' }
{ level: 'info',
  message: 'Establish new connection with url',
  timestamp: '2019-11-17T22:06:25.795Z' }
{ message: 'Running on port 8088...',
  level: 'info',
  timestamp: '2019-11-17T22:06:25.961Z' }
{ level: 'info',
  message: 'Establish new connection with url',
  timestamp: '2019-11-17T22:07:06.744Z' }
{ message: 'Running on port 8088...',
  level: 'info',
  timestamp: '2019-11-17T22:07:06.955Z' }
{ level: 'info',
  message: 'Establish new connection with url',
  timestamp: '2019-11-17T22:07:32.500Z' }
{ message: 'Running on port 8088...',
  level: 'info',
  timestamp: '2019-11-17T22:07:32.788Z' }
{ level: 'info',
  message: 'Establish new connection with url',
  timestamp: '2019-11-17T22:07:46.098Z' }
{ message: 'Running on port 8088...',
  level: 'info',
  timestamp: '2019-11-17T22:07:46.512Z' }
{ level: 'info',
  message: 'Establish new connection with url',
  timestamp: '2019-11-17T22:07:55.846Z' }
{ message: 'Running on port 8088...',
  level: 'info',
  timestamp: '2019-11-17T22:07:56.016Z' }
{ level: 'info',
  message: 'Establish new connection with url',
  timestamp: '2019-11-17T22:07:58.727Z' }
{ message: 'Running on port 8088...',
  level: 'info',
  timestamp: '2019-11-17T22:07:58.886Z' }
{ level: 'info',
  message: 'Establish new connection with url',
  timestamp: '2019-11-17T22:08:08.513Z' }
{ message: 'Running on port 8088...',
  level: 'info',
  timestamp: '2019-11-17T22:08:08.704Z' }
{ level: 'info',
  message: 'Establish new connection with url',
  timestamp: '2019-11-17T22:08:31.958Z' }
{ message: 'Running on port 8088...',
  level: 'info',
  timestamp: '2019-11-17T22:08:32.124Z' }
{ level: 'info',
  message: 'Establish new connection with url',
  timestamp: '2019-11-17T22:09:55.500Z' }
{ message: 'Running on port 8088...',
  level: 'info',
  timestamp: '2019-11-17T22:09:55.698Z' }
{ level: 'info',
  message: 'Establish new connection with url',
  timestamp: '2019-11-17T22:10:20.362Z' }
{ message: 'Running on port 8088...',
  level: 'info',
  timestamp: '2019-11-17T22:10:20.547Z' }
{ level: 'info',
  message: 'Establish new connection with url',
  timestamp: '2019-11-17T22:11:03.729Z' }
{ message: 'Running on port 8088...',
  level: 'info',
  timestamp: '2019-11-17T22:11:03.890Z' }
{ level: 'info',
  message: 'Establish new connection with url',
  timestamp: '2019-11-17T22:11:09.696Z' }
{ message: 'Running on port 8088...',
  level: 'info',
  timestamp: '2019-11-17T22:11:09.873Z' }
{ level: 'info',
  message: 'Establish new connection with url',
  timestamp: '2019-11-17T22:11:19.251Z' }
{ message: 'Running on port 8088...',
  level: 'info',
  timestamp: '2019-11-17T22:11:19.426Z' }
{ level: 'info',
  message: 'Establish new connection with url',
  timestamp: '2019-11-17T22:11:35.433Z' }
{ message: 'Running on port 8088...',
  level: 'info',
  timestamp: '2019-11-17T22:11:35.651Z' }
{ level: 'info',
  message: 'Establish new connection with url',
  timestamp: '2019-11-17T22:12:28.633Z' }
{ message: 'Running on port 8088...',
  level: 'info',
  timestamp: '2019-11-17T22:12:28.830Z' }
{ level: 'info',
  message: 'Establish new connection with url',
  timestamp: '2019-11-17T22:12:31.532Z' }
{ message: 'Running on port 8088...',
  level: 'info',
  timestamp: '2019-11-17T22:12:31.691Z' }
{ level: 'info',
  message: 'Establish new connection with url',
  timestamp: '2019-11-17T22:12:44.640Z' }
{ message: 'Running on port 8088...',
  level: 'info',
  timestamp: '2019-11-17T22:12:44.829Z' }
{ level: 'info',
  message: 'Establish new connection with url',
  timestamp: '2019-11-17T22:13:19.954Z' }
{ message: 'Running on port 8088...',
  level: 'info',
  timestamp: '2019-11-17T22:13:20.148Z' }
{ level: 'info',
  message: 'Establish new connection with url',
  timestamp: '2019-11-17T22:13:28.528Z' }
{ message: 'Running on port 8088...',
  level: 'info',
  timestamp: '2019-11-17T22:13:28.767Z' }
{ level: 'info',
  message: 'Establish new connection with url',
  timestamp: '2019-11-17T22:13:33.469Z' }
{ message: 'Running on port 8088...',
  level: 'info',
  timestamp: '2019-11-17T22:13:33.622Z' }
{ level: 'info',
  message: 'Establish new connection with url',
  timestamp: '2019-11-17T22:14:07.195Z' }
{ message: 'Running on port 8088...',
  level: 'info',
  timestamp: '2019-11-17T22:14:07.366Z' }
{ level: 'info',
  message: 'Establish new connection with url',
  timestamp: '2019-11-17T22:14:44.250Z' }
{ message: 'Running on port 8088...',
  level: 'info',
  timestamp: '2019-11-17T22:14:44.446Z' }
{ level: 'info',
  message: 'Establish new connection with url',
  timestamp: '2019-11-17T22:14:55.087Z' }
{ message: 'Running on port 8088...',
  level: 'info',
  timestamp: '2019-11-17T22:14:55.270Z' }
{ level: 'info',
  message: 'Establish new connection with url',
  timestamp: '2019-11-17T22:15:21.362Z' }
{ message: 'Running on port 8088...',
  level: 'info',
  timestamp: '2019-11-17T22:15:21.532Z' }
{ level: 'info',
  message: 'Establish new connection with url',
  timestamp: '2019-11-17T22:15:42.957Z' }
{ message: 'Running on port 8088...',
  level: 'info',
  timestamp: '2019-11-17T22:15:43.151Z' }
{ level: 'info',
  message: 'Establish new connection with url',
  timestamp: '2019-11-17T22:16:09.367Z' }
{ message: 'Running on port 8088...',
  level: 'info',
  timestamp: '2019-11-17T22:16:09.530Z' }
{ level: 'info',
  message: 'Establish new connection with url',
  timestamp: '2019-11-17T22:16:58.777Z' }
{ message: 'Running on port 8088...',
  level: 'info',
  timestamp: '2019-11-17T22:16:58.961Z' }
{ level: 'info',
  message: 'Establish new connection with url',
  timestamp: '2019-11-17T22:18:20.359Z' }
{ message: 'Running on port 8088...',
  level: 'info',
  timestamp: '2019-11-17T22:18:20.594Z' }
{ level: 'info',
  message: 'Establish new connection with url',
  timestamp: '2019-11-17T22:18:40.219Z' }
{ message: 'Running on port 8088...',
  level: 'info',
  timestamp: '2019-11-17T22:18:40.393Z' }
{ level: 'info',
  message: 'Establish new connection with url',
  timestamp: '2019-11-17T22:18:48.381Z' }
{ message: 'Running on port 8088...',
  level: 'info',
  timestamp: '2019-11-17T22:18:48.549Z' }
{ level: 'info',
  message: 'Establish new connection with url',
  timestamp: '2019-11-17T22:18:55.605Z' }
{ message: 'Running on port 8088...',
  level: 'info',
  timestamp: '2019-11-17T22:18:55.770Z' }
{ level: 'info',
  message: 'Establish new connection with url',
  timestamp: '2019-11-17T22:18:59.528Z' }
{ message: 'Running on port 8088...',
  level: 'info',
  timestamp: '2019-11-17T22:18:59.723Z' }
{ level: 'info',
  message: 'Establish new connection with url',
  timestamp: '2019-11-17T22:19:03.479Z' }
{ message: 'Running on port 8088...',
  level: 'info',
  timestamp: '2019-11-17T22:19:03.661Z' }
{ level: 'info',
  message: 'Establish new connection with url',
  timestamp: '2019-11-17T22:20:05.250Z' }
{ message: 'Running on port 8088...',
  level: 'info',
  timestamp: '2019-11-17T22:20:05.460Z' }
{ level: 'info',
  message: 'Establish new connection with url',
  timestamp: '2019-11-17T22:20:09.627Z' }
{ message: 'Running on port 8088...',
  level: 'info',
  timestamp: '2019-11-17T22:20:09.779Z' }
{ level: 'info',
  message: 'Establish new connection with url',
  timestamp: '2019-11-17T22:21:04.493Z' }
{ message: 'Running on port 8088...',
  level: 'info',
  timestamp: '2019-11-17T22:21:04.672Z' }
{ level: 'info',
  message: 'Establish new connection with url',
  timestamp: '2019-11-17T22:21:23.325Z' }
{ message: 'Running on port 8088...',
  level: 'info',
  timestamp: '2019-11-17T22:21:23.503Z' }
{ level: 'info',
  message: 'Establish new connection with url',
  timestamp: '2019-11-17T22:21:55.687Z' }
{ message: 'Running on port 8088...',
  level: 'info',
  timestamp: '2019-11-17T22:21:55.867Z' }
{ level: 'info',
  message: 'Establish new connection with url',
  timestamp: '2019-11-17T22:22:08.399Z' }
{ message: 'Running on port 8088...',
  level: 'info',
  timestamp: '2019-11-17T22:22:08.575Z' }
{ level: 'info',
  message: 'Establish new connection with url',
  timestamp: '2019-11-17T22:22:14.167Z' }
{ message: 'Running on port 8088...',
  level: 'info',
  timestamp: '2019-11-17T22:22:14.339Z' }
{ level: 'info',
  message: 'Establish new connection with url',
  timestamp: '2019-11-17T22:22:34.775Z' }
{ message: 'Running on port 8088...',
  level: 'info',
  timestamp: '2019-11-17T22:22:34.938Z' }
{ level: 'info',
  message: 'Establish new connection with url',
  timestamp: '2019-11-17T22:22:58.583Z' }
{ message: 'Running on port 8088...',
  level: 'info',
  timestamp: '2019-11-17T22:22:58.741Z' }
{ level: 'info',
  message: 'Establish new connection with url',
  timestamp: '2019-11-17T22:23:03.399Z' }
{ message: 'Running on port 8088...',
  level: 'info',
  timestamp: '2019-11-17T22:23:03.571Z' }
{ level: 'info',
  message: 'Establish new connection with url',
  timestamp: '2019-11-17T22:23:12.961Z' }
{ message: 'Running on port 8088...',
  level: 'info',
  timestamp: '2019-11-17T22:23:13.140Z' }
{ level: 'info',
  message: 'Establish new connection with url',
  timestamp: '2019-11-17T22:23:17.956Z' }
{ message: 'Running on port 8088...',
  level: 'info',
  timestamp: '2019-11-17T22:23:18.141Z' }
{ level: 'info',
  message: 'Establish new connection with url',
  timestamp: '2019-11-17T22:23:28.008Z' }
{ message: 'Running on port 8088...',
  level: 'info',
  timestamp: '2019-11-17T22:23:28.240Z' }
{ level: 'info',
  message: 'Establish new connection with url',
  timestamp: '2019-11-17T22:23:31.263Z' }
{ message: 'Running on port 8088...',
  level: 'info',
  timestamp: '2019-11-17T22:23:31.414Z' }
{ level: 'info',
  message: 'Establish new connection with url',
  timestamp: '2019-11-17T22:23:41.217Z' }
{ message: 'Running on port 8088...',
  level: 'info',
  timestamp: '2019-11-17T22:23:41.373Z' }
{ level: 'info',
  message: 'Establish new connection with url',
  timestamp: '2019-11-17T22:24:02.128Z' }
{ message: 'Running on port 8088...',
  level: 'info',
  timestamp: '2019-11-17T22:24:02.294Z' }
{ level: 'info',
  message: 'Establish new connection with url',
  timestamp: '2019-11-17T22:24:05.301Z' }
{ message: 'Running on port 8088...',
  level: 'info',
  timestamp: '2019-11-17T22:24:05.455Z' }
{ level: 'info',
  message: 'Establish new connection with url',
  timestamp: '2019-11-17T22:24:11.633Z' }
{ message: 'Running on port 8088...',
  level: 'info',
  timestamp: '2019-11-17T22:24:11.796Z' }
{ level: 'info',
  message: 'Establish new connection with url',
  timestamp: '2019-11-17T22:24:17.062Z' }
{ message: 'Running on port 8088...',
  level: 'info',
  timestamp: '2019-11-17T22:24:17.222Z' }
{ level: 'info',
  message: 'Establish new connection with url',
  timestamp: '2019-11-17T22:24:28.613Z' }
{ message: 'Running on port 8088...',
  level: 'info',
  timestamp: '2019-11-17T22:24:28.770Z' }
{ level: 'info',
  message: 'Establish new connection with url',
  timestamp: '2019-11-17T22:24:34.914Z' }
{ message: 'Running on port 8088...',
  level: 'info',
  timestamp: '2019-11-17T22:24:35.074Z' }
{ level: 'info',
  message: 'Establish new connection with url',
  timestamp: '2019-11-17T22:24:41.882Z' }
{ message: 'Running on port 8088...',
  level: 'info',
  timestamp: '2019-11-17T22:24:42.063Z' }
{ level: 'info',
  message: 'Establish new connection with url',
  timestamp: '2019-11-17T22:24:50.058Z' }
{ message: 'Running on port 8088...',
  level: 'info',
  timestamp: '2019-11-17T22:24:50.242Z' }
{ level: 'info',
  message: 'Establish new connection with url',
  timestamp: '2019-11-17T22:24:57.361Z' }
{ message: 'Running on port 8088...',
  level: 'info',
  timestamp: '2019-11-17T22:24:57.547Z' }
{ level: 'info',
  message: 'Establish new connection with url',
  timestamp: '2019-11-17T22:25:17.612Z' }
{ message: 'Running on port 8088...',
  level: 'info',
  timestamp: '2019-11-17T22:25:17.773Z' }
{ level: 'info',
  message: 'Establish new connection with url',
  timestamp: '2019-11-17T22:25:32.729Z' }
{ message: 'Running on port 8088...',
  level: 'info',
  timestamp: '2019-11-17T22:25:32.882Z' }
{ level: 'info',
  message: 'Establish new connection with url',
  timestamp: '2019-11-17T22:25:36.578Z' }
{ message: 'Running on port 8088...',
  level: 'info',
  timestamp: '2019-11-17T22:25:36.771Z' }
{ level: 'info',
  message: 'Establish new connection with url',
  timestamp: '2019-11-17T22:25:41.275Z' }
{ message: 'Running on port 8088...',
  level: 'info',
  timestamp: '2019-11-17T22:25:41.427Z' }
{ level: 'info',
  message: 'Establish new connection with url',
  timestamp: '2019-11-17T22:25:53.532Z' }
{ message: 'Running on port 8088...',
  level: 'info',
  timestamp: '2019-11-17T22:25:53.753Z' }
{ level: 'info',
  message: 'Establish new connection with url',
  timestamp: '2019-11-17T22:25:58.529Z' }
{ message: 'Running on port 8088...',
  level: 'info',
  timestamp: '2019-11-17T22:25:58.685Z' }
{ level: 'info',
  message: 'Establish new connection with url',
  timestamp: '2019-11-17T22:26:02.492Z' }
{ message: 'Running on port 8088...',
  level: 'info',
  timestamp: '2019-11-17T22:26:02.643Z' }
{ level: 'info',
  message: 'Establish new connection with url',
  timestamp: '2019-11-17T22:26:07.337Z' }
{ message: 'Running on port 8088...',
  level: 'info',
  timestamp: '2019-11-17T22:26:07.507Z' }
{ level: 'info',
  message: 'Establish new connection with url',
  timestamp: '2019-11-17T22:26:13.269Z' }
{ message: 'Running on port 8088...',
  level: 'info',
  timestamp: '2019-11-17T22:26:13.425Z' }
{ level: 'info',
  message: 'Establish new connection with url',
  timestamp: '2019-11-17T22:26:19.573Z' }
{ message: 'Running on port 8088...',
  level: 'info',
  timestamp: '2019-11-17T22:26:19.736Z' }
{ level: 'info',
  message: 'Establish new connection with url',
  timestamp: '2019-11-17T22:32:22.422Z' }
{ message: 'Running on port 8088...',
  level: 'info',
  timestamp: '2019-11-17T22:32:22.601Z' }
{ level: 'info',
  message: 'Establish new connection with url',
  timestamp: '2019-11-17T22:32:25.009Z' }
{ message: 'Running on port 8088...',
  level: 'info',
  timestamp: '2019-11-17T22:32:25.193Z' }
{ level: 'info',
  message: 'Establish new connection with url',
  timestamp: '2019-11-17T22:32:31.825Z' }
{ message: 'Running on port 8088...',
  level: 'info',
  timestamp: '2019-11-17T22:32:31.988Z' }
{ level: 'info',
  message: 'Establish new connection with url',
  timestamp: '2019-11-17T22:32:34.530Z' }
{ message: 'Running on port 8088...',
  level: 'info',
  timestamp: '2019-11-17T22:32:34.700Z' }
{ level: 'info',
  message: 'Establish new connection with url',
  timestamp: '2019-11-17T22:32:38.572Z' }
{ message: 'Running on port 8088...',
  level: 'info',
  timestamp: '2019-11-17T22:32:38.734Z' }
{ level: 'info',
  message: 'Establish new connection with url',
  timestamp: '2019-11-17T22:32:43.870Z' }
{ message: 'Running on port 8088...',
  level: 'info',
  timestamp: '2019-11-17T22:32:44.027Z' }
{ level: 'info',
  message: 'Establish new connection with url',
  timestamp: '2019-11-17T22:32:46.636Z' }
{ message: 'Running on port 8088...',
  level: 'info',
  timestamp: '2019-11-17T22:32:46.783Z' }
{ level: 'info',
  message: 'Establish new connection with url',
  timestamp: '2019-11-17T22:32:50.486Z' }
{ message: 'Running on port 8088...',
  level: 'info',
  timestamp: '2019-11-17T22:32:50.669Z' }
{ level: 'info',
  message: 'Establish new connection with url',
  timestamp: '2019-11-17T22:33:02.463Z' }
{ message: 'Running on port 8088...',
  level: 'info',
  timestamp: '2019-11-17T22:33:02.625Z' }
{ level: 'info',
  message: 'Establish new connection with url',
  timestamp: '2019-11-17T22:33:14.399Z' }
{ message: 'Running on port 8088...',
  level: 'info',
  timestamp: '2019-11-17T22:33:14.558Z' }
{ level: 'info',
  message: 'Establish new connection with url',
  timestamp: '2019-11-17T22:34:03.041Z' }
{ message: 'Running on port 8088...',
  level: 'info',
  timestamp: '2019-11-17T22:34:03.362Z' }
{ level: 'info',
  message: 'Establish new connection with url',
  timestamp: '2019-11-17T22:34:07.452Z' }
{ message: 'Running on port 8088...',
  level: 'info',
  timestamp: '2019-11-17T22:34:07.804Z' }
{ level: 'info',
  message: 'Establish new connection with url',
  timestamp: '2019-11-17T22:37:53.627Z' }
{ message: 'Running on port 8088...',
  level: 'info',
  timestamp: '2019-11-17T22:37:53.817Z' }
{ level: 'info',
  message: 'Establish new connection with url',
  timestamp: '2019-11-17T22:37:57.374Z' }
{ message: 'Running on port 8088...',
  level: 'info',
  timestamp: '2019-11-17T22:37:57.541Z' }
{ level: 'info',
  message: 'Establish new connection with url',
  timestamp: '2019-11-17T22:38:02.149Z' }
{ message: 'Running on port 8088...',
  level: 'info',
  timestamp: '2019-11-17T22:38:02.446Z' }
{ level: 'info',
  message: 'Establish new connection with url',
  timestamp: '2019-11-17T22:38:05.781Z' }
{ message: 'Running on port 8088...',
  level: 'info',
  timestamp: '2019-11-17T22:38:05.955Z' }
{ level: 'info',
  message: 'Establish new connection with url',
  timestamp: '2019-11-17T22:38:14.308Z' }
{ message: 'Running on port 8088...',
  level: 'info',
  timestamp: '2019-11-17T22:38:14.516Z' }
{ level: 'info',
  message: 'Establish new connection with url',
  timestamp: '2019-11-17T22:39:29.618Z' }
{ level: 'info',
  message: 'Establish new connection with url',
  timestamp: '2019-11-17T22:39:36.411Z' }
{ level: 'info',
  message: 'Establish new connection with url',
  timestamp: '2019-11-17T22:39:44.800Z' }
{ level: 'info',
  message: 'Establish new connection with url',
  timestamp: '2019-11-17T22:39:49.114Z' }
{ level: 'info',
  message: 'Establish new connection with url',
  timestamp: '2019-11-17T22:40:01.184Z' }
{ level: 'info',
  message: 'Establish new connection with url',
  timestamp: '2019-11-17T22:40:07.879Z' }
{ level: 'info',
  message: 'Establish new connection with url',
  timestamp: '2019-11-17T22:40:13.930Z' }
{ level: 'info',
  message: 'Establish new connection with url',
  timestamp: '2019-11-17T22:40:24.604Z' }
{ level: 'info',
  message: 'Establish new connection with url',
  timestamp: '2019-11-17T22:40:51.839Z' }
{ level: 'info',
  message: 'Establish new connection with url',
  timestamp: '2019-11-17T22:42:09.768Z' }
{ level: 'info',
  message: 'Establish new connection with url',
  timestamp: '2019-11-17T22:42:16.758Z' }
{ level: 'info',
  message: 'Establish new connection with url',
  timestamp: '2019-11-17T22:43:13.903Z' }
{ level: 'info',
  message: 'Establish new connection with url',
  timestamp: '2019-11-17T22:43:24.346Z' }
{ level: 'info',
  message: 'Establish new connection with url',
  timestamp: '2019-11-17T22:46:16.727Z' }
{ level: 'info',
  message: 'Establish new connection with url',
  timestamp: '2019-11-17T22:47:09.296Z' }
{ level: 'info',
  message: 'Establish new connection with url',
  timestamp: '2019-11-17T22:48:05.133Z' }
{ level: 'info',
  message: 'Establish new connection with url',
  timestamp: '2019-11-17T22:48:42.900Z' }
{ level: 'info',
  message: 'Establish new connection with url',
  timestamp: '2019-11-17T22:49:04.856Z' }
{ level: 'info',
  message: 'Establish new connection with url',
  timestamp: '2019-11-17T22:49:07.858Z' }
{ level: 'info',
  message: 'Establish new connection with url',
  timestamp: '2019-11-17T22:49:55.519Z' }
{ level: 'info',
  message: 'Establish new connection with url',
  timestamp: '2019-11-17T22:50:02.577Z' }
{ level: 'info',
  message: 'Establish new connection with url',
  timestamp: '2019-11-17T22:50:09.790Z' }
{ level: 'info',
  message: 'Establish new connection with url',
  timestamp: '2019-11-17T22:50:19.601Z' }
{ level: 'info',
  message: 'Establish new connection with url',
  timestamp: '2019-11-17T22:50:31.839Z' }
{ level: 'info',
  message: 'Establish new connection with url',
  timestamp: '2019-11-17T22:50:47.505Z' }
{ level: 'info',
  message: 'Establish new connection with url',
  timestamp: '2019-11-17T22:50:50.984Z' }
{ level: 'info',
  message: 'Establish new connection with url',
  timestamp: '2019-11-17T22:51:03.745Z' }
{ level: 'info',
  message: 'Establish new connection with url',
  timestamp: '2019-11-17T22:51:18.654Z' }
{ level: 'info',
  message: 'Establish new connection with url',
  timestamp: '2019-11-17T22:51:22.671Z' }
{ level: 'info',
  message: 'Establish new connection with url',
  timestamp: '2019-11-17T22:51:25.004Z' }
{ level: 'info',
  message: 'Establish new connection with url',
  timestamp: '2019-11-17T22:51:39.638Z' }
{ level: 'info',
  message: 'Establish new connection with url',
  timestamp: '2019-11-17T22:51:44.051Z' }
{ level: 'info',
  message: 'Establish new connection with url',
  timestamp: '2019-11-17T22:51:48.889Z' }
{ level: 'info',
  message: 'Establish new connection with url',
  timestamp: '2019-11-17T22:52:33.172Z' }
{ level: 'info',
  message: 'Establish new connection with url',
  timestamp: '2019-11-17T22:52:37.647Z' }
{ level: 'info',
  message: 'Establish new connection with url',
  timestamp: '2019-11-17T22:52:44.938Z' }
{ level: 'info',
  message: 'Establish new connection with url',
  timestamp: '2019-11-17T22:52:50.753Z' }
{ level: 'info',
  message: 'Establish new connection with url',
  timestamp: '2019-11-17T22:53:12.846Z' }
{ level: 'info',
  message: 'Establish new connection with url',
  timestamp: '2019-11-17T22:53:22.170Z' }
{ level: 'info',
  message: 'Establish new connection with url',
  timestamp: '2019-11-17T22:53:26.736Z' }
{ level: 'info',
  message: 'Establish new connection with url',
  timestamp: '2019-11-17T22:53:45.540Z' }
{ level: 'info',
  message: 'Establish new connection with url',
  timestamp: '2019-11-17T22:54:24.117Z' }
{ level: 'info',
  message: 'Establish new connection with url',
  timestamp: '2019-11-17T22:54:36.051Z' }
{ level: 'info',
  message: 'Establish new connection with url',
  timestamp: '2019-11-17T22:55:09.842Z' }
{ level: 'info',
  message: 'Establish new connection with url',
  timestamp: '2019-11-17T22:55:16.256Z' }
{ level: 'info',
  message: 'Establish new connection with url',
  timestamp: '2019-11-17T22:55:33.024Z' }
{ level: 'info',
  message: 'Establish new connection with url',
  timestamp: '2019-11-17T22:56:04.830Z' }
{ level: 'info',
  message: 'Establish new connection with url',
  timestamp: '2019-11-17T22:56:23.357Z' }
{ level: 'info',
  message: 'Establish new connection with url',
  timestamp: '2019-11-17T22:56:58.628Z' }
{ level: 'info',
  message: 'Establish new connection with url',
  timestamp: '2019-11-17T22:58:14.072Z' }
{ level: 'info',
  message: 'Establish new connection with url',
  timestamp: '2019-11-17T22:58:28.876Z' }
{ level: 'info',
  message: 'Establish new connection with url',
  timestamp: '2019-11-17T22:58:38.568Z' }
{ level: 'info',
  message: 'Establish new connection with url',
  timestamp: '2019-11-17T23:00:38.968Z' }
{ level: 'info',
  message: 'Establish new connection with url',
  timestamp: '2019-11-17T23:00:44.801Z' }
{ level: 'info',
  message: 'Establish new connection with url',
  timestamp: '2019-11-17T23:00:57.133Z' }
{ level: 'info',
  message: 'Establish new connection with url',
  timestamp: '2019-11-17T23:01:10.387Z' }
{ level: 'info',
  message: 'Establish new connection with url',
  timestamp: '2019-11-17T23:01:27.047Z' }
{ level: 'info',
  message: 'Establish new connection with url',
  timestamp: '2019-11-17T23:01:32.268Z' }
{ level: 'info',
  message: 'Establish new connection with url',
  timestamp: '2019-11-17T23:01:41.848Z' }
{ level: 'info',
  message: 'Establish new connection with url',
  timestamp: '2019-11-17T23:01:48.470Z' }
{ level: 'info',
  message: 'Establish new connection with url',
  timestamp: '2019-11-17T23:01:52.310Z' }
{ level: 'info',
  message: 'Establish new connection with url',
  timestamp: '2019-11-17T23:02:00.345Z' }
{ level: 'info',
  message: 'Establish new connection with url',
  timestamp: '2019-11-17T23:02:03.612Z' }
{ level: 'info',
  message: 'Establish new connection with url',
  timestamp: '2019-11-17T23:02:07.496Z' }
{ level: 'info',
  message: 'Establish new connection with url',
  timestamp: '2019-11-17T23:02:12.483Z' }
{ level: 'info',
  message: 'Establish new connection with url',
  timestamp: '2019-11-17T23:02:19.972Z' }
{ level: 'info',
  message: 'Establish new connection with url',
  timestamp: '2019-11-17T23:02:29.475Z' }
{ level: 'info',
  message: 'Establish new connection with url',
  timestamp: '2019-11-17T23:02:37.880Z' }
{ level: 'info',
  message: 'Establish new connection with url',
  timestamp: '2019-11-17T23:02:43.491Z' }
{ level: 'info',
  message: 'Establish new connection with url',
  timestamp: '2019-11-17T23:02:48.933Z' }
{ level: 'info',
  message: 'Establish new connection with url',
  timestamp: '2019-11-17T23:03:02.102Z' }
{ level: 'info',
  message: 'Establish new connection with url',
  timestamp: '2019-11-18T12:19:31.430Z' }
{ level: 'info',
  message: 'Establish new connection with url',
  timestamp: '2019-11-18T12:21:18.203Z' }
{ level: 'info',
  message: 'Establish new connection with url',
  timestamp: '2019-11-18T12:21:28.189Z' }
{ level: 'info',
  message: 'Establish new connection with url',
  timestamp: '2019-11-18T12:21:32.246Z' }
{ level: 'info',
  message: 'Establish new connection with url',
  timestamp: '2019-11-18T12:22:20.067Z' }
{ level: 'info',
  message: 'Establish new connection with url',
  timestamp: '2019-11-18T12:22:30.459Z' }
{ level: 'info',
  message: 'Establish new connection with url',
  timestamp: '2019-11-18T12:22:37.330Z' }
{ level: 'info',
  message: 'Establish new connection with url',
  timestamp: '2019-11-18T12:22:43.975Z' }
{ level: 'info',
  message: 'Establish new connection with url',
  timestamp: '2019-11-18T12:22:51.790Z' }
{ level: 'info',
  message: 'Establish new connection with url',
  timestamp: '2019-11-18T12:23:13.474Z' }
{ level: 'info',
  message: 'Establish new connection with url',
  timestamp: '2019-11-18T12:23:16.793Z' }
{ level: 'info',
  message: 'Establish new connection with url',
  timestamp: '2019-11-18T12:23:21.177Z' }
{ level: 'info',
  message: 'Establish new connection with url',
  timestamp: '2019-11-18T12:23:28.718Z' }
{ level: 'info',
  message: 'Establish new connection with url',
  timestamp: '2019-11-18T12:23:32.461Z' }
{ level: 'info',
  message: 'Establish new connection with url',
  timestamp: '2019-11-18T12:23:39.000Z' }
{ level: 'info',
  message: 'Establish new connection with url',
  timestamp: '2019-11-18T12:29:16.308Z' }
{ level: 'info',
  message: 'Establish new connection with url',
  timestamp: '2019-11-18T12:29:21.264Z' }
{ level: 'info',
  message: 'Establish new connection with url',
  timestamp: '2019-11-18T12:29:55.309Z' }
